<?xml version="1.0" encoding="UTF-8"?>
<!-- Generated by org.testng.reporters.JUnitReportReporter -->
<testsuite hostname="DESKTOP-KV4UD3M" failures="0" tests="3" name="MuraliKrishnaSG.Tests.StandaloneTest" time="39.497" errors="0" timestamp="2024-09-29T17:32:05 IST" skipped="0">
  <testcase classname="MuraliKrishnaSG.Tests.StandaloneTest" name="OrderHistory" time="6.862"/>
  <system-out/>
  <testcase classname="MuraliKrishnaSG.Tests.StandaloneTest" name="submitorder" time="13.681"/>
  <system-out/>
  <testcase classname="MuraliKrishnaSG.Tests.StandaloneTest" name="submitorder" time="18.954"/>
  <system-out/>
</testsuite> <!-- MuraliKrishnaSG.Tests.StandaloneTest -->
