<?xml version="1.0" encoding="UTF-8"?>
<!-- Generated by org.testng.reporters.JUnitReportReporter -->
<testsuite hostname="DESKTOP-KV4UD3M" failures="0" tests="1" name="MuraliKrishnaSG.Tests.ErrorValidations" time="9.723" errors="0" timestamp="2024-09-29T21:44:37 IST" skipped="0">
  <testcase classname="MuraliKrishnaSG.Tests.ErrorValidations" name="ProductValidatione" time="9.723"/>
  <system-out/>
</testsuite> <!-- MuraliKrishnaSG.Tests.ErrorValidations -->
